<?xml version="1.0" encoding="UTF-8"?>
<!-- Generated by org.testng.reporters.JUnitReportReporter -->
<testsuite skipped="0" hostname="LAPTOP-H1J6FDEU" name="runner.Testrunner" tests="1" failures="0" timestamp="2022-01-22T23:10:01 IST" time="27.169" errors="0">
  <testcase name="runScenario" time="27.169" classname="runner.Testrunner"/>
  <system-out/>
</testsuite> <!-- runner.Testrunner -->
